C51 COMPILER V9.57.0.0   DHT11                                                             05/26/2020 13:19:59 PAGE 1   


C51 COMPILER V9.57.0.0, COMPILATION OF MODULE DHT11
OBJECT MODULE PLACED IN .\Objects\dht11.obj
COMPILER INVOKED BY: D:\Keil_v5\C51\BIN\C51.EXE dht11.c OPTIMIZE(8,SPEED) BROWSE DEBUG OBJECTEXTEND PRINT(.\Listings\dht
                    -11.lst) TABS(2) OBJECT(.\Objects\dht11.obj)

line level    source

   1          #include "dht11.h"
   2          
   3          bit DHT_Start()
   4          { 
   5   1        unsigned char m=0;
   6   1        DHT_DATA=1;
   7   1        DHT_DATA=0; 
   8   1        delay_ms(20);
   9   1        DHT_DATA=1;
  10   1        delay_40us();
  11   1        if(DHT_DATA==1)
  12   1          return 0;
  13   1        else 
  14   1          while((DHT_DATA==0)&&(m<200))m++;
  15   1        delay_40us();
  16   1        delay_40us();
  17   1        return 1;       
  18   1      }
  19          bit DHT_ByteRead(unsigned char *dat)
  20          { 
  21   1        unsigned char temp=0;
  22   1        unsigned char x,y;
  23   1        unsigned char m=0;
  24   1        unsigned char n=0;
  25   1        unsigned char mask=0x01;
  26   1        unsigned char sum=0;
  27   1        for(y=0;y<5;y++)
  28   1        {
  29   2          for(mask=0x80;mask!=0;mask>>=1)
  30   2          { 
  31   3            while(DHT_DATA==0&&m<200)m++;
  32   3            delay_30us();
  33   3            if(DHT_DATA)
  34   3              temp|=mask;
  35   3            else
  36   3              temp&=(~mask);
  37   3            while(DHT_DATA==1&&n<200)n++;
  38   3          }
  39   2          *(dat+y)=temp;
  40   2          temp=0;
  41   2        }
  42   1        for(x=0;x<4;x++)
  43   1          sum+=*(dat+x);  
  44   1        if((sum&=0xff)==*(dat+4))
  45   1          return 1;
  46   1        else 
  47   1          return 0;
  48   1      }
  49          


MODULE INFORMATION:   STATIC OVERLAYABLE
   CODE SIZE        =    201    ----
   CONSTANT SIZE    =   ----    ----
C51 COMPILER V9.57.0.0   DHT11                                                             05/26/2020 13:19:59 PAGE 2   

   XDATA SIZE       =   ----    ----
   PDATA SIZE       =   ----    ----
   DATA SIZE        =   ----      10
   IDATA SIZE       =   ----    ----
   BIT SIZE         =   ----    ----
END OF MODULE INFORMATION.


C51 COMPILATION COMPLETE.  0 WARNING(S),  0 ERROR(S)
